2025-12-24 12:40:21,831 - INFO -  Before Number of rows for Good customers : 111930
2025-12-24 12:40:21,841 - INFO -  Before Number of rows for Bad customers : 8070
2025-12-24 12:40:22,112 - INFO - After Number of rows for Good customers : 111930
2025-12-24 12:40:22,128 - INFO - After Number of rows for Bad customers : 111930
2025-12-24 12:40:22,128 - INFO - ================= Before Scaling ===========================
2025-12-24 12:40:22,308 - INFO -         age_yeo_trim  NumberOfOpenCreditLinesAndLoans_yeo_trim  ...  Occupation_Od  Education_Od
14330      20.834251                                  1.806106  ...            0.0           4.0
211505     12.719039                                  3.975754  ...            3.0           3.0
120292     23.394916                                  3.606908  ...            4.0           4.0
165102     15.781142                                  3.374770  ...            0.0           4.0
172269     16.077595                                  3.848459  ...            4.0           4.0
180083     14.446617                                  1.391353  ...            3.0           3.0
34944      11.645944                                  2.192400  ...            4.0           4.0

[7 rows x 12 columns]
2025-12-24 12:40:22,383 - INFO - ================= After Scaling ===========================
2025-12-24 12:40:22,384 - INFO - [[-0.78510152 -0.77418617 -1.1441428  ... -0.90804869  0.98633466
  -1.38373769]
 [ 0.44699017  0.69578713  0.35508292 ... -0.90804869  0.98633466
  -0.75330858]
 [-1.10231529 -0.26418059 -1.1441428  ...  1.20750493 -1.36504603
   1.13797875]
 ...
 [-1.24418374 -1.19484002 -1.1441428  ... -0.90804869  0.98633466
  -0.75330858]
 [ 0.27307954 -2.17825641 -1.1441428  ... -0.90804869  0.98633466
  -0.75330858]
 [-0.3888886   1.04714868  1.20357763 ... -0.75274664  0.98633466
   0.50754964]]
